<?xml version="1.0" encoding="UTF-8"?>
<testsuite xmlns:xsi="http://www.w3.org/2001/XMLSchema-instance" xsi:noNamespaceSchemaLocation="https://maven.apache.org/surefire/maven-surefire-plugin/xsd/surefire-test-report-3.0.xsd" version="3.0" name="com.jabberpoint.MenuControllerTest" time="0.073" tests="4" errors="0" skipped="0" failures="0">
  <properties>
[...]
</properties>
  <testcase name="testClassName" classname="com.jabberpoint.MenuControllerTest" time="0.004"/>
  <testcase name="testErrorConstants" classname="com.jabberpoint.MenuControllerTest" time="0"/>
  <testcase name="testFileConstants" classname="com.jabberpoint.MenuControllerTest" time="0.001"/>
  <testcase name="testMenuItemConstants" classname="com.jabberpoint.MenuControllerTest" time="0"/>
</testsuite>